<component name="libraryTable">
  <library name="junit-4.5">
    <CLASSES>
      <root url="jar://C:/worldwind-v2.1.0/junit-4.5.jar!/" />
    </CLASSES>
    <JAVADOC />
    <SOURCES />
  </library>
</component>